<?xml version="1.0" encoding="UTF-8"?>
<!-- Generated by org.testng.reporters.JUnitXMLReporter -->
<testsuite ignored="0" hostname="LAPTOP-N72K9CMM" failures="0" tests="3" name="Flipkart validation with valid credentials" time="13.159" errors="0" timestamp="2021-08-22T10:53:54 AEST">
  <testcase classname="caseStudy.caseStudy2" name="browserSetup" time="1.544"/>
  <testcase classname="caseStudy.caseStudy2" name="URL" time="4.684"/>
  <testcase classname="caseStudy.caseStudy2" name="action" time="6.873"/>
</testsuite> <!-- Flipkart validation with valid credentials -->
