<?xml version="1.0" encoding="UTF-8"?>
<!-- Generated by org.testng.reporters.JUnitXMLReporter -->
<testsuite ignored="0" hostname="LAPTOP-N72K9CMM" failures="0" tests="6" name="parameterization1" time="15.236" errors="0" timestamp="2021-08-20T17:30:17 AEST">
  <testcase classname="module5.parameterization" name="browser" time="1.011"/>
  <testcase classname="module5.parameterization" name="URL" time="2.128"/>
  <testcase classname="module5.parameterization" name="clickSignInPage" time="3.848"/>
  <testcase classname="module5.parameterization" name="logIn" time="4.799"/>
  <testcase classname="module5.parameterization" name="logOut" time="3.181"/>
  <testcase classname="module5.parameterization" name="shuttingDown" time="0.249"/>
</testsuite> <!-- parameterization1 -->
