<?xml version="1.0" encoding="UTF-8"?>
<!-- Generated by org.testng.reporters.JUnitXMLReporter -->
<testsuite ignored="0" hostname="LAPTOP-N72K9CMM" failures="0" tests="6" name="parameterization" time="15.645" errors="0" timestamp="2021-08-20T17:30:02 AEST">
  <testcase classname="module5.parameterization" name="browser" time="1.454"/>
  <testcase classname="module5.parameterization" name="URL" time="2.386"/>
  <testcase classname="module5.parameterization" name="clickSignInPage" time="3.708"/>
  <testcase classname="module5.parameterization" name="logIn" time="4.642"/>
  <testcase classname="module5.parameterization" name="logOut" time="3.207"/>
  <testcase classname="module5.parameterization" name="shuttingDown" time="0.185"/>
</testsuite> <!-- parameterization -->
