<?xml version="1.0" encoding="UTF-8"?>
<!-- Generated by org.testng.reporters.JUnitXMLReporter -->
<testsuite ignored="0" hostname="LAPTOP-N72K9CMM" failures="6" tests="6" name="CrossBrowser Test1" time="0.088" errors="0" timestamp="2021-08-20T21:37:26 AEST">
  <testcase classname="module5.crossBroswer" name="browserSetup" time="0.0">
    <failure type="org.testng.TestNGException" message="
Parameter &amp;apos;BrowserName&amp;apos; is required by @Test on method browserSetup but has not been marked @Optional or defined
in R:\Learning Journey\EDUREKA\Test Analyst\Selenium\workspace\Edureka_12thJuly2021\src\module5\crossbrowser.xml">
      <![CDATA[org.testng.TestNGException: 
Parameter 'BrowserName' is required by @Test on method browserSetup but has not been marked @Optional or defined
in R:\Learning Journey\EDUREKA\Test Analyst\Selenium\workspace\Edureka_12thJuly2021\src\module5\crossbrowser.xml
at java.base/java.util.ArrayList.forEach(ArrayList.java:1511)
... Removed 26 stack frames]]>
    </failure>
  </testcase> <!-- browserSetup -->
  <testcase classname="module5.crossBroswer" name="URL" time="0.004">
    <failure type="java.lang.NullPointerException" message="Cannot invoke &amp;quot;org.openqa.selenium.WebDriver.get(String)&amp;quot; because &amp;quot;this.driver&amp;quot; is null">
      <![CDATA[java.lang.NullPointerException: Cannot invoke "org.openqa.selenium.WebDriver.get(String)" because "this.driver" is null
at module5.crossBroswer.URL(crossBroswer.java:47)
at java.base/java.util.ArrayList.forEach(ArrayList.java:1511)
... Removed 27 stack frames]]>
    </failure>
  </testcase> <!-- URL -->
  <testcase classname="module5.crossBroswer" name="clickSignInPage" time="0.005">
    <failure type="java.lang.NullPointerException" message="Cannot invoke &amp;quot;org.openqa.selenium.WebDriver.findElement(org.openqa.selenium.By)&amp;quot; because &amp;quot;this.driver&amp;quot; is null">
      <![CDATA[java.lang.NullPointerException: Cannot invoke "org.openqa.selenium.WebDriver.findElement(org.openqa.selenium.By)" because "this.driver" is null
at module5.crossBroswer.clickSignInPage(crossBroswer.java:55)
at java.base/java.util.ArrayList.forEach(ArrayList.java:1511)
... Removed 27 stack frames]]>
    </failure>
  </testcase> <!-- clickSignInPage -->
  <testcase classname="module5.crossBroswer" name="logIn" time="0.002">
    <failure type="java.lang.NullPointerException" message="Cannot invoke &amp;quot;org.openqa.selenium.WebDriver.findElement(org.openqa.selenium.By)&amp;quot; because &amp;quot;this.driver&amp;quot; is null">
      <![CDATA[java.lang.NullPointerException: Cannot invoke "org.openqa.selenium.WebDriver.findElement(org.openqa.selenium.By)" because "this.driver" is null
at module5.crossBroswer.logIn(crossBroswer.java:65)
at java.base/java.util.ArrayList.forEach(ArrayList.java:1511)
... Removed 27 stack frames]]>
    </failure>
  </testcase> <!-- logIn -->
  <testcase classname="module5.crossBroswer" name="logOut" time="0.002">
    <failure type="java.lang.NullPointerException" message="Cannot invoke &amp;quot;org.openqa.selenium.WebDriver.findElement(org.openqa.selenium.By)&amp;quot; because &amp;quot;this.driver&amp;quot; is null">
      <![CDATA[java.lang.NullPointerException: Cannot invoke "org.openqa.selenium.WebDriver.findElement(org.openqa.selenium.By)" because "this.driver" is null
at module5.crossBroswer.logOut(crossBroswer.java:81)
at java.base/java.util.ArrayList.forEach(ArrayList.java:1511)
... Removed 27 stack frames]]>
    </failure>
  </testcase> <!-- logOut -->
  <testcase classname="module5.crossBroswer" name="shuttingDown" time="0.002">
    <failure type="java.lang.NullPointerException" message="Cannot invoke &amp;quot;org.openqa.selenium.WebDriver.quit()&amp;quot; because &amp;quot;this.driver&amp;quot; is null">
      <![CDATA[java.lang.NullPointerException: Cannot invoke "org.openqa.selenium.WebDriver.quit()" because "this.driver" is null
at module5.crossBroswer.shuttingDown(crossBroswer.java:95)
at java.base/java.util.ArrayList.forEach(ArrayList.java:1511)
... Removed 27 stack frames]]>
    </failure>
  </testcase> <!-- shuttingDown -->
</testsuite> <!-- CrossBrowser Test1 -->
