<?xml version="1.0" encoding="UTF-8"?>
<!-- Generated by org.testng.reporters.JUnitXMLReporter -->
<testsuite ignored="0" hostname="LAPTOP-N72K9CMM" failures="0" tests="2" name="Framework Test" time="5.191" errors="0" timestamp="2021-08-24T11:29:36 AEST">
  <testcase classname="certificationProject.testCases.HybridFramework" name="setup" time="5.106"/>
  <testcase classname="certificationProject.testCases.HybridFramework" name="formFill" time="0.0">
    <skipped/>
  </testcase> <!-- formFill -->
</testsuite> <!-- Framework Test -->
